<?xml version="1.0" encoding="UTF-8"?>
<!-- Generated by org.testng.reporters.JUnitReportReporter -->
<testsuite hostname="DESKTOP-DGFUF1R" failures="0" tests="2" name="TestCases.LoginTestcases" time="27.822" errors="0" timestamp="2021-12-14T15:15:32 IST" skipped="0">
  <testcase classname="TestCases.LoginTestcases" name="login" time="10.360"/>
  <system-out/>
  <testcase classname="TestCases.LoginTestcases" name="registration" time="17.462"/>
  <system-out/>
</testsuite> <!-- TestCases.LoginTestcases -->
